<?xml version="1.0" encoding="UTF-8"?>
<!-- Generated by org.testng.reporters.JUnitXMLReporter -->
<testsuite ignored="0" hostname="LAPTOP-29INVL2B" failures="0" tests="3" name="Test" time="133.231" errors="0" timestamp="2023-03-16T08:55:01 GMT">
  <testcase classname="tests.OrderNowDonutsTests" name="pickDonutsEconomy" time="45.401"/>
  <testcase classname="tests.OrderNowDonutsTests" name="pickDonutsHungry" time="44.739"/>
  <testcase classname="tests.OrderNowDonutsTests" name="pickDonutsLuxury" time="43.022"/>
</testsuite> <!-- Test -->
