<?xml version="1.0" encoding="UTF-8"?>
<testsuite xmlns:xsi="http://www.w3.org/2001/XMLSchema-instance" xsi:noNamespaceSchemaLocation="https://maven.apache.org/surefire/maven-surefire-plugin/xsd/surefire-test-report-3.0.xsd" version="3.0" name="TestSuite" time="134.169" tests="3" errors="0" skipped="0" failures="0">
  <properties>
[...]
</properties>
  <testcase name="pickDonutsEconomy" classname="tests.OrderNowDonutsTests" time="45.402">
    <system-out><![CDATA[Button isn't visible
Button isn't visible
Button isn't visible
Button isn't visible
Button IS visible
Expected is: 1 - Actual is: 1
Expected is: Classic Glazed Dozen - Actual is: Classic Glazed Dozen
Expected is: Box status: 12 / 12 - Actual is: Box status: 12 / 12
Expected is: Remove box - Actual is: Remove box
Expected is: Your box was added to cart - Actual is: Your box was added to cart
Expected is: VIEW CART - Actual is: VIEW CART
Expected is: Start another box - Actual is: Start another box
Expected is: my cart (1 items) - Actual is: my cart (1 items)
Expected is: Classic Glazed Dozen - Actual is: Classic Glazed Dozen
Expected is: Remove - Actual is: Remove
]]></system-out>
    <system-err><![CDATA[[main] INFO io.github.bonigarcia.wdm.WebDriverManager - Using chromedriver 111.0.5563.64 (resolved driver for Chrome 111)
[main] INFO io.github.bonigarcia.wdm.WebDriverManager - Exporting webdriver.chrome.driver as C:\Users\JonCo\.cache\selenium\chromedriver\win32\111.0.5563.64\chromedriver.exe
Starting ChromeDriver 111.0.5563.64 (c710e93d5b63b7095afe8c2c17df34408078439d-refs/branch-heads/5563@{#995}) on port 56649
Only local connections are allowed.
Please see https://chromedriver.chromium.org/security-considerations for suggestions on keeping ChromeDriver safe.
ChromeDriver was started successfully.
Mar 16, 2023 8:52:52 A.M. org.openqa.selenium.remote.ProtocolHandshake createSession
INFO: Detected dialect: W3C
Mar 16, 2023 8:52:52 A.M. org.openqa.selenium.devtools.CdpVersionFinder findNearestMatch
WARNING: Unable to find an exact match for CDP version 111, so returning the closest version found: 110
Mar 16, 2023 8:52:52 A.M. org.openqa.selenium.devtools.CdpVersionFinder findNearestMatch
INFO: Found CDP implementation for version 111 of 110
]]></system-err>
  </testcase>
  <testcase name="pickDonutsHungry" classname="tests.OrderNowDonutsTests" time="44.737">
    <system-out><![CDATA[Button IS visible
Expected is: 1 - Actual is: 1
Expected is: Offbeat Dozen - Actual is: Offbeat Dozen
Expected is: Box status: 0 / 12 - Actual is: Box status: 0 / 12
Expected is: Remove box - Actual is: Remove box
Expected is: Your box was added to cart - Actual is: Your box was added to cart
Expected is: VIEW CART - Actual is: VIEW CART
Expected is: Start another box - Actual is: Start another box
Expected is: my cart (3 items) - Actual is: my cart (3 items)
Expected is: Offbeat Dozen - Actual is: Offbeat Dozen
Expected is: Remove - Actual is: Remove
Expected is: Candles - Actual is: Candles
Expected is: Remove - Actual is: Remove
Expected is: Piped name - Actual is: Piped name
Expected is: "Just For You" - Actual is: "Just For You"
Expected is: Remove - Actual is: Remove
]]></system-out>
    <system-err><![CDATA[[main] INFO io.github.bonigarcia.wdm.WebDriverManager - Using chromedriver 111.0.5563.64 (resolved driver for Chrome 111)
[main] INFO io.github.bonigarcia.wdm.WebDriverManager - Exporting webdriver.chrome.driver as C:\Users\JonCo\.cache\selenium\chromedriver\win32\111.0.5563.64\chromedriver.exe
Starting ChromeDriver 111.0.5563.64 (c710e93d5b63b7095afe8c2c17df34408078439d-refs/branch-heads/5563@{#995}) on port 54070
Only local connections are allowed.
Please see https://chromedriver.chromium.org/security-considerations for suggestions on keeping ChromeDriver safe.
ChromeDriver was started successfully.
Mar 16, 2023 8:53:35 A.M. org.openqa.selenium.remote.ProtocolHandshake createSession
INFO: Detected dialect: W3C
Mar 16, 2023 8:53:35 A.M. org.openqa.selenium.devtools.CdpVersionFinder findNearestMatch
WARNING: Unable to find an exact match for CDP version 111, so returning the closest version found: 110
Mar 16, 2023 8:53:35 A.M. org.openqa.selenium.devtools.CdpVersionFinder findNearestMatch
INFO: Found CDP implementation for version 111 of 110
]]></system-err>
  </testcase>
  <testcase name="pickDonutsLuxury" classname="tests.OrderNowDonutsTests" time="43.023">
    <system-out><![CDATA[Button isn't visible
Button isn't visible
Button isn't visible
Button IS visible
Expected is: 1 - Actual is: 1
Expected is: Birthday Double Dozen - Actual is: Birthday Double Dozen
Expected is: Box status: 1 / 12 - Actual is: Box status: 1 / 12
Expected is: Remove box - Actual is: Remove box
Expected is: Your box was added to cart - Actual is: Your box was added to cart
Expected is: VIEW CART - Actual is: VIEW CART
Expected is: Start another box - Actual is: Start another box
Expected is: my cart (5 items) - Actual is: my cart (5 items)
Expected is: Birthday Double Dozen - Actual is: Birthday Double Dozen
Expected is: Remove - Actual is: Remove
Expected is: Candles - Actual is: Candles
Expected is: Remove - Actual is: Remove
Expected is: Card - Actual is: Card
Expected is: Happy Birthday is a substring of Card Type: "Happy Birthday" | Card Text: "All the best on your special day" - Actual is: true
Expected is: All the best on your special day is a substring of Card Type: "Happy Birthday" | Card Text: "All the best on your special day" - Actual is: true
Expected is: Remove - Actual is: Remove
Expected is: Bow - Actual is: Bow
Expected is: "Pink" - Actual is: "Pink"
Expected is: Remove - Actual is: Remove
Expected is: Piped name - Actual is: Piped name
Expected is: "Just For You" - Actual is: "Just For You"
Expected is: Remove - Actual is: Remove
]]></system-out>
    <system-err><![CDATA[[main] INFO io.github.bonigarcia.wdm.WebDriverManager - Using chromedriver 111.0.5563.64 (resolved driver for Chrome 111)
[main] INFO io.github.bonigarcia.wdm.WebDriverManager - Exporting webdriver.chrome.driver as C:\Users\JonCo\.cache\selenium\chromedriver\win32\111.0.5563.64\chromedriver.exe
Starting ChromeDriver 111.0.5563.64 (c710e93d5b63b7095afe8c2c17df34408078439d-refs/branch-heads/5563@{#995}) on port 56509
Only local connections are allowed.
Please see https://chromedriver.chromium.org/security-considerations for suggestions on keeping ChromeDriver safe.
ChromeDriver was started successfully.
Mar 16, 2023 8:54:19 A.M. org.openqa.selenium.remote.ProtocolHandshake createSession
INFO: Detected dialect: W3C
Mar 16, 2023 8:54:19 A.M. org.openqa.selenium.devtools.CdpVersionFinder findNearestMatch
WARNING: Unable to find an exact match for CDP version 111, so returning the closest version found: 110
Mar 16, 2023 8:54:20 A.M. org.openqa.selenium.devtools.CdpVersionFinder findNearestMatch
INFO: Found CDP implementation for version 111 of 110
]]></system-err>
  </testcase>
</testsuite>